<?xml version="1.0" encoding="UTF-8"?>
<testng-results skipped="0" failed="0" ignored="0" total="1" passed="1">
  <reporter-output>
  </reporter-output>
  <suite name="Default suite" duration-ms="716" started-at="2022-08-18T06:27:12 IST" finished-at="2022-08-18T06:27:13 IST">
    <groups>
    </groups>
    <test name="Default test" duration-ms="716" started-at="2022-08-18T06:27:12 IST" finished-at="2022-08-18T06:27:13 IST">
      <class name="excelreadandwrite.c2">
        <test-method status="PASS" signature="rw()[pri:0, instance:excelreadandwrite.c2@4493d195]" name="rw" duration-ms="687" started-at="2022-08-18T06:27:12 IST" finished-at="2022-08-18T06:27:13 IST">
          <reporter-output>
          </reporter-output>
        </test-method> <!-- rw -->
      </class> <!-- excelreadandwrite.c2 -->
    </test> <!-- Default test -->
  </suite> <!-- Default suite -->
</testng-results>
