<?xml version="1.0" encoding="UTF-8"?>
<!-- Generated by org.testng.reporters.JUnitXMLReporter -->
<testsuite hostname="krish" ignored="0" name="Test" tests="4" failures="0" timestamp="2022-08-18T18:20:25 IST" time="15.662" errors="0">
  <testcase name="t4" time="11.557" classname="pack2.c4"/>
  <testcase name="t2" time="11.789" classname="pack1.c2"/>
  <testcase name="t1" time="12.454" classname="pack1.c1"/>
  <testcase name="t3" time="15.64" classname="pack2.c3"/>
</testsuite> <!-- Test -->
