<?xml version="1.0" encoding="UTF-8"?>
<testng-results skipped="0" failed="0" ignored="0" total="4" passed="4">
  <reporter-output>
  </reporter-output>
  <suite name="Suite" duration-ms="15662" started-at="2022-08-18T18:20:10 IST" finished-at="2022-08-18T18:20:25 IST">
    <groups>
      <group name="One">
        <method signature="c1.t1()[pri:0, instance:pack1.c1@1877ab81]" name="t1" class="pack1.c1"/>
        <method signature="c2.t2()[pri:0, instance:pack1.c2@458c1321]" name="t2" class="pack1.c2"/>
      </group> <!-- One -->
      <group name="Two">
        <method signature="c3.t3()[pri:0, instance:pack2.c3@305fd85d]" name="t3" class="pack2.c3"/>
        <method signature="c4.t4()[pri:0, instance:pack2.c4@2d8f65a4]" name="t4" class="pack2.c4"/>
      </group> <!-- Two -->
    </groups>
    <test name="Test" duration-ms="15662" started-at="2022-08-18T18:20:10 IST" finished-at="2022-08-18T18:20:25 IST">
      <class name="pack2.c4">
        <test-method status="PASS" signature="t4()[pri:0, instance:pack2.c4@2d8f65a4]" name="t4" duration-ms="11557" started-at="2022-08-18T18:20:10 IST" finished-at="2022-08-18T18:20:21 IST">
          <reporter-output>
          </reporter-output>
        </test-method> <!-- t4 -->
      </class> <!-- pack2.c4 -->
      <class name="pack2.c3">
        <test-method status="PASS" signature="t3()[pri:0, instance:pack2.c3@305fd85d]" name="t3" duration-ms="15640" started-at="2022-08-18T18:20:10 IST" finished-at="2022-08-18T18:20:25 IST">
          <reporter-output>
          </reporter-output>
        </test-method> <!-- t3 -->
      </class> <!-- pack2.c3 -->
      <class name="pack1.c1">
        <test-method status="PASS" signature="t1()[pri:0, instance:pack1.c1@1877ab81]" name="t1" duration-ms="12454" started-at="2022-08-18T18:20:10 IST" finished-at="2022-08-18T18:20:22 IST">
          <reporter-output>
          </reporter-output>
        </test-method> <!-- t1 -->
      </class> <!-- pack1.c1 -->
      <class name="pack1.c2">
        <test-method status="PASS" signature="t2()[pri:0, instance:pack1.c2@458c1321]" name="t2" duration-ms="11789" started-at="2022-08-18T18:20:10 IST" finished-at="2022-08-18T18:20:22 IST">
          <reporter-output>
          </reporter-output>
        </test-method> <!-- t2 -->
      </class> <!-- pack1.c2 -->
    </test> <!-- Test -->
  </suite> <!-- Suite -->
</testng-results>
